TN:
SF:src/hex-id.js
FN:7,getRandomInt
FN:16,getRandomValues
FN:35,_next
FN:46,_toHex
FN:61,hexID
FNF:5
FNH:5
FNDA:5,getRandomInt
FNDA:1,getRandomValues
FNDA:2,_next
FNDA:2,_toHex
FNDA:2,hexID
DA:1,1
DA:2,1
DA:3,1
DA:4,1
DA:5,1
DA:6,1
DA:7,5
DA:8,5
DA:9,5
DA:10,1
DA:11,1
DA:12,1
DA:13,1
DA:14,1
DA:15,1
DA:16,1
DA:17,1
DA:18,1
DA:19,5
DA:20,5
DA:21,1
DA:22,1
DA:23,1
DA:24,1
DA:25,1
DA:26,1
DA:27,1
DA:28,1
DA:29,1
DA:30,1
DA:31,1
DA:32,1
DA:33,1
DA:34,1
DA:35,2
DA:36,2
DA:37,2
DA:38,2
DA:39,1
DA:40,1
DA:41,1
DA:42,1
DA:43,1
DA:44,1
DA:45,1
DA:46,2
DA:47,2
DA:48,2
DA:49,2
DA:50,24
DA:51,24
DA:52,2
DA:53,2
DA:54,2
DA:55,1
DA:56,1
DA:57,1
DA:58,1
DA:59,1
DA:60,1
DA:61,1
DA:62,2
DA:63,2
DA:64,2
DA:65,2
DA:66,2
DA:67,2
DA:68,2
DA:69,2
DA:70,2
DA:71,2
DA:72,2
DA:73,2
DA:74,2
DA:75,2
DA:76,2
DA:77,2
DA:78,2
DA:79,2
DA:80,2
DA:81,2
DA:82,2
DA:83,2
DA:84,2
DA:85,2
DA:86,2
LF:86
LH:86
BRDA:1,0,0,1
BRDA:7,1,0,5
BRDA:16,2,0,1
BRDA:18,3,0,5
BRDA:35,4,0,2
BRDA:46,5,0,2
BRDA:49,6,0,24
BRDA:61,7,0,2
BRF:8
BRH:8
end_of_record
